<?xml version="1.0" encoding="UTF-8"?>
<!-- Generated by org.testng.reporters.JUnitReportReporter -->
<testsuite hostname="DESKTOP-5QEILKN" failures="0" tests="4" name="TestNG.demo02" time="0.022" errors="0" timestamp="2024-11-02T13:48:57 IST" skipped="0">
  <testcase classname="TestNG.demo02" name="signup" time="0.013"/>
  <system-out/>
  <testcase classname="TestNG.demo02" name="addtocart" time="0.003"/>
  <system-out/>
  <testcase classname="TestNG.demo02" name="login" time="0.004"/>
  <system-out/>
  <testcase classname="TestNG.demo02" name="payment" time="0.002"/>
  <system-out/>
</testsuite> <!-- TestNG.demo02 -->
