<?xml version="1.0" encoding="UTF-8"?>
<!-- Generated by org.testng.reporters.JUnitReportReporter -->
<testsuite hostname="DESKTOP-5QEILKN" failures="0" tests="1" name="TestNG.demo01" time="0.019" errors="0" timestamp="2024-11-02T13:26:58 IST" skipped="0">
  <testcase classname="TestNG.demo01" name="test" time="0.019"/>
  <system-out/>
</testsuite> <!-- TestNG.demo01 -->
